<?xml version="1.0" encoding="UTF-8"?>
<!-- Generated by org.testng.reporters.JUnitReportReporter -->
<testsuite hostname="DESKTOP-C5DCEJT" failures="0" tests="2" name="TestRunner.Run" time="29.744" errors="0" timestamp="2023-02-20T12:39:34 IST" skipped="0">
  <testcase classname="TestRunner.Run" name="runScenario" time="19.670"/>
  <system-out/>
  <testcase classname="TestRunner.Run" name="runScenario" time="10.074"/>
  <system-out/>
</testsuite> <!-- TestRunner.Run -->
