<?xml version="1.0" encoding="UTF-8"?>
<!-- Generated by org.testng.reporters.JUnitReportReporter -->
<testsuite hostname="DESKTOP-C5DCEJT" failures="0" tests="2" name="TestRunner.Run" time="31.385" errors="0" timestamp="2023-02-20T11:53:51 IST" skipped="0">
  <testcase classname="TestRunner.Run" name="runScenario" time="9.584"/>
  <system-out/>
  <testcase classname="TestRunner.Run" name="runScenario" time="21.801"/>
  <system-out/>
</testsuite> <!-- TestRunner.Run -->
